<?xml version="1.0" encoding="UTF-8"?>
<!-- Generated by org.testng.reporters.JUnitXMLReporter -->
<testsuite ignored="0" hostname="DESKTOP-MULBQUB" failures="0" tests="9" name="Regression" time="339.568" errors="0" timestamp="2023-05-24T22:26:41 IST">
  <testcase classname="subscription.SubscriptionPackageTest" name="verify_SubscriptionPackage" time="27.143"/>
  <testcase classname="subscription.SubscriptionPackageTest" name="verify_SubscriptionPackage" time="26.021"/>
  <testcase classname="subscription.SubscriptionPackageTest" name="verify_SubscriptionPackage" time="27.139"/>
  <testcase classname="subscription.SubscriptionPackageTest" name="verify_SubscriptionPackage" time="28.076"/>
  <testcase classname="subscription.SubscriptionPackageTest" name="verify_SubscriptionPackage" time="26.628"/>
  <testcase classname="subscription.SubscriptionPackageTest" name="verify_SubscriptionPackage" time="26.558"/>
  <testcase classname="subscription.SubscriptionPackageTest" name="verify_SubscriptionPackage" time="28.946"/>
  <testcase classname="subscription.SubscriptionPackageTest" name="verify_SubscriptionPackage" time="26.665"/>
  <testcase classname="subscription.SubscriptionPackageTest" name="verify_SubscriptionPackage" time="26.654"/>
</testsuite> <!-- Regression -->
