<?xml version="1.0" encoding="UTF-8"?>
<testng-results ignored="0" total="9" passed="9" failed="0" skipped="0">
  <reporter-output>
  </reporter-output>
  <suite started-at="2023-05-24T22:21:01 IST" name="Web_Windows" finished-at="2023-05-24T22:26:41 IST" duration-ms="339568">
    <groups>
    </groups>
    <test started-at="2023-05-24T22:21:01 IST" name="Regression" finished-at="2023-05-24T22:26:41 IST" duration-ms="339568">
      <class name="subscription.SubscriptionPackageTest">
        <test-method is-config="true" signature="readProperties()[pri:0, instance:subscription.SubscriptionPackageTest@2e8c1c9b]" started-at="2023-05-24T22:21:01 IST" name="readProperties" finished-at="2023-05-24T22:21:01 IST" duration-ms="59" status="PASS">
          <reporter-output>
          </reporter-output>
        </test-method> <!-- readProperties -->
        <test-method is-config="true" signature="setUp()[pri:0, instance:subscription.SubscriptionPackageTest@2e8c1c9b]" started-at="2023-05-24T22:21:01 IST" name="setUp" finished-at="2023-05-24T22:22:34 IST" duration-ms="92120" status="PASS">
          <reporter-output>
          </reporter-output>
        </test-method> <!-- setUp -->
        <test-method signature="verify_SubscriptionPackage(java.lang.String,java.lang.String,java.lang.String,java.lang.String)[pri:0, instance:subscription.SubscriptionPackageTest@2e8c1c9b]" started-at="2023-05-24T22:22:34 IST" name="verify_SubscriptionPackage" data-provider="excelData" finished-at="2023-05-24T22:23:02 IST" duration-ms="27143" status="PASS">
          <params>
            <param index="0">
              <value>
                <![CDATA[Saudiarabia]]>
              </value>
            </param>
            <param index="1">
              <value>
                <![CDATA[lite]]>
              </value>
            </param>
            <param index="2">
              <value>
                <![CDATA[15]]>
              </value>
            </param>
            <param index="3">
              <value>
                <![CDATA[SAR]]>
              </value>
            </param>
          </params>
          <reporter-output>
          </reporter-output>
        </test-method> <!-- verify_SubscriptionPackage -->
        <test-method is-config="true" signature="tearDown(org.testng.ITestResult)[pri:0, instance:subscription.SubscriptionPackageTest@2e8c1c9b]" started-at="2023-05-24T22:23:02 IST" name="tearDown" finished-at="2023-05-24T22:23:02 IST" duration-ms="233" status="PASS">
          <params>
            <param index="0">
              <value>
                <![CDATA[[TestResult name=verify_SubscriptionPackage status=SUCCESS method=SubscriptionPackageTest.verify_SubscriptionPackage(java.lang.String,java.lang.String,java.lang.String,java.lang.String)[pri:0, instance:subscription.SubscriptionPackageTest@2e8c1c9b] output={null}]]]>
              </value>
            </param>
          </params>
          <reporter-output>
          </reporter-output>
        </test-method> <!-- tearDown -->
        <test-method signature="verify_SubscriptionPackage(java.lang.String,java.lang.String,java.lang.String,java.lang.String)[pri:0, instance:subscription.SubscriptionPackageTest@2e8c1c9b]" started-at="2023-05-24T22:23:02 IST" name="verify_SubscriptionPackage" data-provider="excelData" finished-at="2023-05-24T22:23:28 IST" duration-ms="26021" status="PASS">
          <params>
            <param index="0">
              <value>
                <![CDATA[Saudiarabia]]>
              </value>
            </param>
            <param index="1">
              <value>
                <![CDATA[classic]]>
              </value>
            </param>
            <param index="2">
              <value>
                <![CDATA[25]]>
              </value>
            </param>
            <param index="3">
              <value>
                <![CDATA[SAR]]>
              </value>
            </param>
          </params>
          <reporter-output>
          </reporter-output>
        </test-method> <!-- verify_SubscriptionPackage -->
        <test-method is-config="true" signature="tearDown(org.testng.ITestResult)[pri:0, instance:subscription.SubscriptionPackageTest@2e8c1c9b]" started-at="2023-05-24T22:23:28 IST" name="tearDown" finished-at="2023-05-24T22:23:28 IST" duration-ms="270" status="PASS">
          <params>
            <param index="0">
              <value>
                <![CDATA[[TestResult name=verify_SubscriptionPackage status=SUCCESS method=SubscriptionPackageTest.verify_SubscriptionPackage(java.lang.String,java.lang.String,java.lang.String,java.lang.String)[pri:0, instance:subscription.SubscriptionPackageTest@2e8c1c9b] output={null}]]]>
              </value>
            </param>
          </params>
          <reporter-output>
          </reporter-output>
        </test-method> <!-- tearDown -->
        <test-method signature="verify_SubscriptionPackage(java.lang.String,java.lang.String,java.lang.String,java.lang.String)[pri:0, instance:subscription.SubscriptionPackageTest@2e8c1c9b]" started-at="2023-05-24T22:23:28 IST" name="verify_SubscriptionPackage" data-provider="excelData" finished-at="2023-05-24T22:23:55 IST" duration-ms="27139" status="PASS">
          <params>
            <param index="0">
              <value>
                <![CDATA[Saudiarabia]]>
              </value>
            </param>
            <param index="1">
              <value>
                <![CDATA[premium]]>
              </value>
            </param>
            <param index="2">
              <value>
                <![CDATA[60]]>
              </value>
            </param>
            <param index="3">
              <value>
                <![CDATA[SAR]]>
              </value>
            </param>
          </params>
          <reporter-output>
          </reporter-output>
        </test-method> <!-- verify_SubscriptionPackage -->
        <test-method is-config="true" signature="tearDown(org.testng.ITestResult)[pri:0, instance:subscription.SubscriptionPackageTest@2e8c1c9b]" started-at="2023-05-24T22:23:55 IST" name="tearDown" finished-at="2023-05-24T22:23:55 IST" duration-ms="177" status="PASS">
          <params>
            <param index="0">
              <value>
                <![CDATA[[TestResult name=verify_SubscriptionPackage status=SUCCESS method=SubscriptionPackageTest.verify_SubscriptionPackage(java.lang.String,java.lang.String,java.lang.String,java.lang.String)[pri:0, instance:subscription.SubscriptionPackageTest@2e8c1c9b] output={null}]]]>
              </value>
            </param>
          </params>
          <reporter-output>
          </reporter-output>
        </test-method> <!-- tearDown -->
        <test-method signature="verify_SubscriptionPackage(java.lang.String,java.lang.String,java.lang.String,java.lang.String)[pri:0, instance:subscription.SubscriptionPackageTest@2e8c1c9b]" started-at="2023-05-24T22:23:55 IST" name="verify_SubscriptionPackage" data-provider="excelData" finished-at="2023-05-24T22:24:24 IST" duration-ms="28076" status="PASS">
          <params>
            <param index="0">
              <value>
                <![CDATA[Kuwait]]>
              </value>
            </param>
            <param index="1">
              <value>
                <![CDATA[lite]]>
              </value>
            </param>
            <param index="2">
              <value>
                <![CDATA[1.2]]>
              </value>
            </param>
            <param index="3">
              <value>
                <![CDATA[KWD]]>
              </value>
            </param>
          </params>
          <reporter-output>
          </reporter-output>
        </test-method> <!-- verify_SubscriptionPackage -->
        <test-method is-config="true" signature="tearDown(org.testng.ITestResult)[pri:0, instance:subscription.SubscriptionPackageTest@2e8c1c9b]" started-at="2023-05-24T22:24:24 IST" name="tearDown" finished-at="2023-05-24T22:24:24 IST" duration-ms="350" status="PASS">
          <params>
            <param index="0">
              <value>
                <![CDATA[[TestResult name=verify_SubscriptionPackage status=SUCCESS method=SubscriptionPackageTest.verify_SubscriptionPackage(java.lang.String,java.lang.String,java.lang.String,java.lang.String)[pri:0, instance:subscription.SubscriptionPackageTest@2e8c1c9b] output={null}]]]>
              </value>
            </param>
          </params>
          <reporter-output>
          </reporter-output>
        </test-method> <!-- tearDown -->
        <test-method signature="verify_SubscriptionPackage(java.lang.String,java.lang.String,java.lang.String,java.lang.String)[pri:0, instance:subscription.SubscriptionPackageTest@2e8c1c9b]" started-at="2023-05-24T22:24:24 IST" name="verify_SubscriptionPackage" data-provider="excelData" finished-at="2023-05-24T22:24:51 IST" duration-ms="26628" status="PASS">
          <params>
            <param index="0">
              <value>
                <![CDATA[Kuwait]]>
              </value>
            </param>
            <param index="1">
              <value>
                <![CDATA[classic]]>
              </value>
            </param>
            <param index="2">
              <value>
                <![CDATA[2.5]]>
              </value>
            </param>
            <param index="3">
              <value>
                <![CDATA[KWD]]>
              </value>
            </param>
          </params>
          <reporter-output>
          </reporter-output>
        </test-method> <!-- verify_SubscriptionPackage -->
        <test-method is-config="true" signature="tearDown(org.testng.ITestResult)[pri:0, instance:subscription.SubscriptionPackageTest@2e8c1c9b]" started-at="2023-05-24T22:24:51 IST" name="tearDown" finished-at="2023-05-24T22:24:51 IST" duration-ms="161" status="PASS">
          <params>
            <param index="0">
              <value>
                <![CDATA[[TestResult name=verify_SubscriptionPackage status=SUCCESS method=SubscriptionPackageTest.verify_SubscriptionPackage(java.lang.String,java.lang.String,java.lang.String,java.lang.String)[pri:0, instance:subscription.SubscriptionPackageTest@2e8c1c9b] output={null}]]]>
              </value>
            </param>
          </params>
          <reporter-output>
          </reporter-output>
        </test-method> <!-- tearDown -->
        <test-method signature="verify_SubscriptionPackage(java.lang.String,java.lang.String,java.lang.String,java.lang.String)[pri:0, instance:subscription.SubscriptionPackageTest@2e8c1c9b]" started-at="2023-05-24T22:24:51 IST" name="verify_SubscriptionPackage" data-provider="excelData" finished-at="2023-05-24T22:25:17 IST" duration-ms="26558" status="PASS">
          <params>
            <param index="0">
              <value>
                <![CDATA[Kuwait]]>
              </value>
            </param>
            <param index="1">
              <value>
                <![CDATA[premium]]>
              </value>
            </param>
            <param index="2">
              <value>
                <![CDATA[4.8]]>
              </value>
            </param>
            <param index="3">
              <value>
                <![CDATA[KWD]]>
              </value>
            </param>
          </params>
          <reporter-output>
          </reporter-output>
        </test-method> <!-- verify_SubscriptionPackage -->
        <test-method is-config="true" signature="tearDown(org.testng.ITestResult)[pri:0, instance:subscription.SubscriptionPackageTest@2e8c1c9b]" started-at="2023-05-24T22:25:17 IST" name="tearDown" finished-at="2023-05-24T22:25:17 IST" duration-ms="237" status="PASS">
          <params>
            <param index="0">
              <value>
                <![CDATA[[TestResult name=verify_SubscriptionPackage status=SUCCESS method=SubscriptionPackageTest.verify_SubscriptionPackage(java.lang.String,java.lang.String,java.lang.String,java.lang.String)[pri:0, instance:subscription.SubscriptionPackageTest@2e8c1c9b] output={null}]]]>
              </value>
            </param>
          </params>
          <reporter-output>
          </reporter-output>
        </test-method> <!-- tearDown -->
        <test-method signature="verify_SubscriptionPackage(java.lang.String,java.lang.String,java.lang.String,java.lang.String)[pri:0, instance:subscription.SubscriptionPackageTest@2e8c1c9b]" started-at="2023-05-24T22:25:17 IST" name="verify_SubscriptionPackage" data-provider="excelData" finished-at="2023-05-24T22:25:46 IST" duration-ms="28946" status="PASS">
          <params>
            <param index="0">
              <value>
                <![CDATA[Baharin]]>
              </value>
            </param>
            <param index="1">
              <value>
                <![CDATA[lite]]>
              </value>
            </param>
            <param index="2">
              <value>
                <![CDATA[2]]>
              </value>
            </param>
            <param index="3">
              <value>
                <![CDATA[BHD]]>
              </value>
            </param>
          </params>
          <reporter-output>
          </reporter-output>
        </test-method> <!-- verify_SubscriptionPackage -->
        <test-method is-config="true" signature="tearDown(org.testng.ITestResult)[pri:0, instance:subscription.SubscriptionPackageTest@2e8c1c9b]" started-at="2023-05-24T22:25:46 IST" name="tearDown" finished-at="2023-05-24T22:25:47 IST" duration-ms="273" status="PASS">
          <params>
            <param index="0">
              <value>
                <![CDATA[[TestResult name=verify_SubscriptionPackage status=SUCCESS method=SubscriptionPackageTest.verify_SubscriptionPackage(java.lang.String,java.lang.String,java.lang.String,java.lang.String)[pri:0, instance:subscription.SubscriptionPackageTest@2e8c1c9b] output={null}]]]>
              </value>
            </param>
          </params>
          <reporter-output>
          </reporter-output>
        </test-method> <!-- tearDown -->
        <test-method signature="verify_SubscriptionPackage(java.lang.String,java.lang.String,java.lang.String,java.lang.String)[pri:0, instance:subscription.SubscriptionPackageTest@2e8c1c9b]" started-at="2023-05-24T22:25:47 IST" name="verify_SubscriptionPackage" data-provider="excelData" finished-at="2023-05-24T22:26:13 IST" duration-ms="26665" status="PASS">
          <params>
            <param index="0">
              <value>
                <![CDATA[Baharin]]>
              </value>
            </param>
            <param index="1">
              <value>
                <![CDATA[classic]]>
              </value>
            </param>
            <param index="2">
              <value>
                <![CDATA[3]]>
              </value>
            </param>
            <param index="3">
              <value>
                <![CDATA[BHD]]>
              </value>
            </param>
          </params>
          <reporter-output>
          </reporter-output>
        </test-method> <!-- verify_SubscriptionPackage -->
        <test-method is-config="true" signature="tearDown(org.testng.ITestResult)[pri:0, instance:subscription.SubscriptionPackageTest@2e8c1c9b]" started-at="2023-05-24T22:26:13 IST" name="tearDown" finished-at="2023-05-24T22:26:14 IST" duration-ms="256" status="PASS">
          <params>
            <param index="0">
              <value>
                <![CDATA[[TestResult name=verify_SubscriptionPackage status=SUCCESS method=SubscriptionPackageTest.verify_SubscriptionPackage(java.lang.String,java.lang.String,java.lang.String,java.lang.String)[pri:0, instance:subscription.SubscriptionPackageTest@2e8c1c9b] output={null}]]]>
              </value>
            </param>
          </params>
          <reporter-output>
          </reporter-output>
        </test-method> <!-- tearDown -->
        <test-method signature="verify_SubscriptionPackage(java.lang.String,java.lang.String,java.lang.String,java.lang.String)[pri:0, instance:subscription.SubscriptionPackageTest@2e8c1c9b]" started-at="2023-05-24T22:26:14 IST" name="verify_SubscriptionPackage" data-provider="excelData" finished-at="2023-05-24T22:26:40 IST" duration-ms="26654" status="PASS">
          <params>
            <param index="0">
              <value>
                <![CDATA[Baharin]]>
              </value>
            </param>
            <param index="1">
              <value>
                <![CDATA[premium]]>
              </value>
            </param>
            <param index="2">
              <value>
                <![CDATA[6]]>
              </value>
            </param>
            <param index="3">
              <value>
                <![CDATA[BHD]]>
              </value>
            </param>
          </params>
          <reporter-output>
          </reporter-output>
        </test-method> <!-- verify_SubscriptionPackage -->
        <test-method is-config="true" signature="tearDown(org.testng.ITestResult)[pri:0, instance:subscription.SubscriptionPackageTest@2e8c1c9b]" started-at="2023-05-24T22:26:40 IST" name="tearDown" finished-at="2023-05-24T22:26:41 IST" duration-ms="264" status="PASS">
          <params>
            <param index="0">
              <value>
                <![CDATA[[TestResult name=verify_SubscriptionPackage status=SUCCESS method=SubscriptionPackageTest.verify_SubscriptionPackage(java.lang.String,java.lang.String,java.lang.String,java.lang.String)[pri:0, instance:subscription.SubscriptionPackageTest@2e8c1c9b] output={null}]]]>
              </value>
            </param>
          </params>
          <reporter-output>
          </reporter-output>
        </test-method> <!-- tearDown -->
        <test-method is-config="true" signature="closeBrowser()[pri:0, instance:subscription.SubscriptionPackageTest@2e8c1c9b]" started-at="2023-05-24T22:26:41 IST" name="closeBrowser" finished-at="2023-05-24T22:26:41 IST" duration-ms="377" status="PASS">
          <reporter-output>
          </reporter-output>
        </test-method> <!-- closeBrowser -->
      </class> <!-- subscription.SubscriptionPackageTest -->
    </test> <!-- Regression -->
  </suite> <!-- Web_Windows -->
</testng-results>
